Using pre-set license
Built from '2021.3/staging' branch; Version is '2021.3.13f1 (9e7d58001ecf) revision 10386776'; Using compiler version '192829333'; Build Type 'Release'
OS: 'Windows 10  (10.0.19045) 64bit Core' Language: 'ru' Physical Memory: 16316 MB
BatchMode: 1, IsHumanControllingUs: 0, StartBugReporterOnCrash: 0, Is64bit: 1, IsPro: 1

COMMAND LINE ARGUMENTS:
E:\Program Files\Unity\Editor\2021.3.13f1\Editor\Unity.exe
-adb2
-batchMode
-noUpm
-name
AssetImportWorker1
-projectPath
E:/Projects/DrawHero
-logFile
Logs/AssetImportWorker1.log
-srvPort
50520
Successfully changed project path to: E:/Projects/DrawHero
E:/Projects/DrawHero
[UnityMemory] Configuration Parameters - Can be set up in boot.config
    "memorysetup-bucket-allocator-granularity=16"
    "memorysetup-bucket-allocator-bucket-count=8"
    "memorysetup-bucket-allocator-block-size=33554432"
    "memorysetup-bucket-allocator-block-count=8"
    "memorysetup-main-allocator-block-size=16777216"
    "memorysetup-thread-allocator-block-size=16777216"
    "memorysetup-gfx-main-allocator-block-size=16777216"
    "memorysetup-gfx-thread-allocator-block-size=16777216"
    "memorysetup-cache-allocator-block-size=4194304"
    "memorysetup-typetree-allocator-block-size=2097152"
    "memorysetup-profiler-bucket-allocator-granularity=16"
    "memorysetup-profiler-bucket-allocator-bucket-count=8"
    "memorysetup-profiler-bucket-allocator-block-size=33554432"
    "memorysetup-profiler-bucket-allocator-block-count=8"
    "memorysetup-profiler-allocator-block-size=16777216"
    "memorysetup-profiler-editor-allocator-block-size=1048576"
    "memorysetup-temp-allocator-size-main=16777216"
    "memorysetup-job-temp-allocator-block-size=2097152"
    "memorysetup-job-temp-allocator-block-size-background=1048576"
    "memorysetup-job-temp-allocator-reduction-small-platforms=262144"
    "memorysetup-temp-allocator-size-background-worker=32768"
    "memorysetup-temp-allocator-size-job-worker=262144"
    "memorysetup-temp-allocator-size-preload-manager=33554432"
    "memorysetup-temp-allocator-size-nav-mesh-worker=65536"
    "memorysetup-temp-allocator-size-audio-worker=65536"
    "memorysetup-temp-allocator-size-cloud-worker=32768"
    "memorysetup-temp-allocator-size-gi-baking-worker=262144"
    "memorysetup-temp-allocator-size-gfx=262144"
Refreshing native plugins compatible for Editor in 147.21 ms, found 6 plugins.
Preloading 0 native plugins for Editor in 0.00 ms.
Initialize engine version: 2021.3.13f1 (9e7d58001ecf)
[Subsystems] Discovering subsystems at path E:/Program Files/Unity/Editor/2021.3.13f1/Editor/Data/Resources/UnitySubsystems
[Subsystems] Discovering subsystems at path E:/Projects/DrawHero/Assets
GfxDevice: creating device client; threaded=0; jobified=0
Direct3D:
    Version:  Direct3D 11.0 [level 11.1]
    Renderer: Radeon RX 580 Series (ID=0x67df)
    Vendor:   ATI
    VRAM:     4074 MB
    Driver:   31.0.12027.7000
Initialize mono
Mono path[0] = 'E:/Program Files/Unity/Editor/2021.3.13f1/Editor/Data/Managed'
Mono path[1] = 'E:/Program Files/Unity/Editor/2021.3.13f1/Editor/Data/MonoBleedingEdge/lib/mono/unityjit-win32'
Mono config path = 'E:/Program Files/Unity/Editor/2021.3.13f1/Editor/Data/MonoBleedingEdge/etc'
Using monoOptions --debugger-agent=transport=dt_socket,embedding=1,server=y,suspend=n,address=127.0.0.1:56500
Begin MonoManager ReloadAssembly
Registering precompiled unity dll's ...
Register platform support module: E:/Program Files/Unity/Editor/2021.3.13f1/Editor/Data/PlaybackEngines/WebGLSupport/UnityEditor.WebGL.Extensions.dll
Register platform support module: E:/Program Files/Unity/Editor/2021.3.13f1/Editor/Data/PlaybackEngines/AndroidPlayer/UnityEditor.Android.Extensions.dll
Register platform support module: E:/Program Files/Unity/Editor/2021.3.13f1/Editor/Data/PlaybackEngines/WindowsStandaloneSupport/UnityEditor.WindowsStandalone.Extensions.dll
Registered in 0.005076 seconds.
Native extension for WindowsStandalone target not found
Native extension for Android target not found
Native extension for WebGL target not found
Refreshing native plugins compatible for Editor in 156.99 ms, found 6 plugins.
Preloading 0 native plugins for Editor in 0.00 ms.
Mono: successfully reloaded assembly
- Completed reload, in  0.831 seconds
Domain Reload Profiling:
	ReloadAssembly (832ms)
		BeginReloadAssembly (81ms)
			ExecutionOrderSort (0ms)
			DisableScriptedObjects (0ms)
			BackupInstance (0ms)
			ReleaseScriptingObjects (0ms)
			CreateAndSetChildDomain (1ms)
		EndReloadAssembly (627ms)
			LoadAssemblies (80ms)
			RebuildTransferFunctionScriptingTraits (0ms)
			SetupTypeCache (125ms)
			ReleaseScriptCaches (0ms)
			RebuildScriptCaches (33ms)
			SetupLoadedEditorAssemblies (411ms)
				LogAssemblyErrors (0ms)
				InitializePlatformSupportModulesInManaged (73ms)
				SetLoadedEditorAssemblies (0ms)
				RefreshPlugins (157ms)
				BeforeProcessingInitializeOnLoad (2ms)
				ProcessInitializeOnLoadAttributes (124ms)
				ProcessInitializeOnLoadMethodAttributes (54ms)
				AfterProcessingInitializeOnLoad (0ms)
				EditorAssembliesLoaded (0ms)
			ExecutionOrderSort2 (0ms)
			AwakeInstancesAfterBackupRestoration (0ms)
Platform modules already initialized, skipping
Registering precompiled user dll's ...
Registered in 0.008067 seconds.
Android Extension - Scanning For ADB Devices 680 ms
Begin MonoManager ReloadAssembly
Symbol file LoadedFromMemory doesn't match image E:\Projects\DrawHero\Library\PackageCache\com.unity.visualscripting@1.7.8\Editor\VisualScripting.Core\Dependencies\YamlDotNet\Unity.VisualScripting.YamlDotNet.dll
Symbol file LoadedFromMemory doesn't match image E:\Projects\DrawHero\Library\PackageCache\com.unity.visualscripting@1.7.8\Editor\VisualScripting.Core\Dependencies\DotNetZip\Unity.VisualScripting.IonicZip.dll
Native extension for WindowsStandalone target not found
Native extension for Android target not found
Native extension for WebGL target not found
Refreshing native plugins compatible for Editor in 1.11 ms, found 6 plugins.
Preloading 0 native plugins for Editor in 0.00 ms.
Mono: successfully reloaded assembly
- Completed reload, in  1.300 seconds
Domain Reload Profiling:
	ReloadAssembly (1301ms)
		BeginReloadAssembly (128ms)
			ExecutionOrderSort (0ms)
			DisableScriptedObjects (8ms)
			BackupInstance (0ms)
			ReleaseScriptingObjects (0ms)
			CreateAndSetChildDomain (23ms)
		EndReloadAssembly (1035ms)
			LoadAssemblies (95ms)
			RebuildTransferFunctionScriptingTraits (0ms)
			SetupTypeCache (362ms)
			ReleaseScriptCaches (1ms)
			RebuildScriptCaches (74ms)
			SetupLoadedEditorAssemblies (461ms)
				LogAssemblyErrors (0ms)
				InitializePlatformSupportModulesInManaged (17ms)
				SetLoadedEditorAssemblies (1ms)
				RefreshPlugins (1ms)
				BeforeProcessingInitializeOnLoad (100ms)
				ProcessInitializeOnLoadAttributes (300ms)
				ProcessInitializeOnLoadMethodAttributes (38ms)
				AfterProcessingInitializeOnLoad (4ms)
				EditorAssembliesLoaded (0ms)
			ExecutionOrderSort2 (0ms)
			AwakeInstancesAfterBackupRestoration (7ms)
Platform modules already initialized, skipping
========================================================================
Worker process is ready to serve import requests
Launched and connected shader compiler UnityShaderCompiler.exe after 0.04 seconds
Refreshing native plugins compatible for Editor in 1.10 ms, found 6 plugins.
Preloading 0 native plugins for Editor in 0.00 ms.
Unloading 4353 Unused Serialized files (Serialized files now loaded: 0)
Unloading 46 unused Assets / (57.3 KB). Loaded Objects now: 4811.
Memory consumption went from 167.5 MB to 167.5 MB.
Total: 4.194300 ms (FindLiveObjects: 0.395100 ms CreateObjectMapping: 0.128600 ms MarkObjects: 3.566200 ms  DeleteObjects: 0.103500 ms)

AssetImportParameters requested are different than current active one (requested -> active):
  custom:video-decoder-ogg-theora: a1e56fd34408186e4bbccfd4996cb3dc -> 
  custom:container-muxer-webm: aa71ff27fc2769a1b78a27578f13a17b -> 
  custom:container-demuxer-webm: 4f35f7cbe854078d1ac9338744f61a02 -> 
  custom:video-encoder-webm-vp8: eb34c28f22e8b96e1ab97ce403110664 -> 
  custom:audio-encoder-webm-vorbis: bf7c407c2cedff20999df2af8eb42d56 -> 
  custom:framework-win-MediaFoundation: 216162199b28c13a410421893ffa2e32 -> 
  custom:container-demuxer-ogg: 62fdf1f143b41e24485cea50d1cbac27 -> 
  custom:video-decoder-webm-vp8: 9c59270c3fd7afecdb556c50c9e8de78 -> 
  custom:audio-decoder-ogg-vorbis: bf7c407c2cedff20999df2af8eb42d56 -> 
========================================================================
Received Import Request.
  Time since last request: 1462136.090778 seconds.
  path: Assets/Images/btn_icon_ad.png
  artifactKey: Guid(b5bc1cfe1f742b948b13201257645dc5) Importer(815301076,1909f56bfc062723c751e8b465ee728b)
Start importing Assets/Images/btn_icon_ad.png using Guid(b5bc1cfe1f742b948b13201257645dc5) Importer(815301076,1909f56bfc062723c751e8b465ee728b)  -> (artifact id: '09307a5baef6924bd1b6d50372b72cd5') in 0.252030 seconds 
========================================================================
Received Import Request.
  Time since last request: 0.000030 seconds.
  path: Assets/Images/IconToShop.png
  artifactKey: Guid(f5680259da96c2f49abb4d56d4b6fd7e) Importer(815301076,1909f56bfc062723c751e8b465ee728b)
Start importing Assets/Images/IconToShop.png using Guid(f5680259da96c2f49abb4d56d4b6fd7e) Importer(815301076,1909f56bfc062723c751e8b465ee728b)  -> (artifact id: 'dc6d7d9410e6dd2f8cfe1fae74e57dfe') in 0.024723 seconds 
========================================================================
Received Import Request.
  Time since last request: 0.000039 seconds.
  path: Assets/Images/i_icon_skins_enemy.png
  artifactKey: Guid(66594d2ca18918d49930f81aded46486) Importer(815301076,1909f56bfc062723c751e8b465ee728b)
Start importing Assets/Images/i_icon_skins_enemy.png using Guid(66594d2ca18918d49930f81aded46486) Importer(815301076,1909f56bfc062723c751e8b465ee728b)  -> (artifact id: 'e187339b110ee898ab3d0ccb7dce233b') in 0.023795 seconds 
========================================================================
Received Import Request.
  Time since last request: 0.000026 seconds.
  path: Assets/Images/image_013_0000.jpg
  artifactKey: Guid(e9cf30be193f1f446af0d94648fe559f) Importer(815301076,1909f56bfc062723c751e8b465ee728b)
Start importing Assets/Images/image_013_0000.jpg using Guid(e9cf30be193f1f446af0d94648fe559f) Importer(815301076,1909f56bfc062723c751e8b465ee728b)  -> (artifact id: '6895f9dbc4449efdadee2df5ce2ee3e2') in 0.056414 seconds 
========================================================================
Received Import Request.
  Time since last request: 0.000027 seconds.
  path: Assets/Images/image_016_0000.jpg
  artifactKey: Guid(82fdd168b0c2c5546ac40640159a5af0) Importer(815301076,1909f56bfc062723c751e8b465ee728b)
Start importing Assets/Images/image_016_0000.jpg using Guid(82fdd168b0c2c5546ac40640159a5af0) Importer(815301076,1909f56bfc062723c751e8b465ee728b)  -> (artifact id: '3253bfd65ab2d4fd4784a1ee6e3d1d05') in 0.041721 seconds 
========================================================================
Received Import Request.
  Time since last request: 0.000040 seconds.
  path: Assets/Images/draw_fire.png
  artifactKey: Guid(5709505aa4a610e41b3aaa59af8a9e84) Importer(815301076,1909f56bfc062723c751e8b465ee728b)
Start importing Assets/Images/draw_fire.png using Guid(5709505aa4a610e41b3aaa59af8a9e84) Importer(815301076,1909f56bfc062723c751e8b465ee728b)  -> (artifact id: 'ac318634c979b0f31ad44fa6a9d13b2e') in 0.014600 seconds 
========================================================================
Received Import Request.
  Time since last request: 0.000023 seconds.
  path: Assets/Images/draw_laser.png
  artifactKey: Guid(72ddcb870f15a944f858e43ad1b614bd) Importer(815301076,1909f56bfc062723c751e8b465ee728b)
Start importing Assets/Images/draw_laser.png using Guid(72ddcb870f15a944f858e43ad1b614bd) Importer(815301076,1909f56bfc062723c751e8b465ee728b)  -> (artifact id: '0f833836ced8a0a7644f33d3383265ec') in 0.011801 seconds 
========================================================================
Received Import Request.
  Time since last request: 0.000028 seconds.
  path: Assets/Images/draw_wood.png
  artifactKey: Guid(c8e6f625e33612849afa8848aeebf376) Importer(815301076,1909f56bfc062723c751e8b465ee728b)
Start importing Assets/Images/draw_wood.png using Guid(c8e6f625e33612849afa8848aeebf376) Importer(815301076,1909f56bfc062723c751e8b465ee728b)  -> (artifact id: '4b9bf69faa2dde62d13ee6997bbb5a14') in 0.014930 seconds 
========================================================================
Received Import Request.
  Time since last request: 0.000031 seconds.
  path: Assets/Images/image_014_0000.jpg
  artifactKey: Guid(c88464cc7ee01514bb6534cba222070b) Importer(815301076,1909f56bfc062723c751e8b465ee728b)
Start importing Assets/Images/image_014_0000.jpg using Guid(c88464cc7ee01514bb6534cba222070b) Importer(815301076,1909f56bfc062723c751e8b465ee728b)  -> (artifact id: 'd58b45ae82a5f2b6ce3eb0ce4357893a') in 0.023617 seconds 
========================================================================
Received Import Request.
  Time since last request: 0.000036 seconds.
  path: Assets/Images/image_015_0000.jpg
  artifactKey: Guid(e74636b45dea14045bcfd105f1b18d83) Importer(815301076,1909f56bfc062723c751e8b465ee728b)
Start importing Assets/Images/image_015_0000.jpg using Guid(e74636b45dea14045bcfd105f1b18d83) Importer(815301076,1909f56bfc062723c751e8b465ee728b)  -> (artifact id: 'f069f3c4264e61fbde82dfcf99c7d65b') in 0.036225 seconds 
========================================================================
Received Import Request.
  Time since last request: 0.000033 seconds.
  path: Assets/Images/WoodLine.png
  artifactKey: Guid(71117d9841c76044ea63118c0e9ea4b6) Importer(815301076,1909f56bfc062723c751e8b465ee728b)
Start importing Assets/Images/WoodLine.png using Guid(71117d9841c76044ea63118c0e9ea4b6) Importer(815301076,1909f56bfc062723c751e8b465ee728b)  -> (artifact id: '67110ff6e13ded41d0bdc376c6b87fa9') in 0.006443 seconds 
========================================================================
Received Import Request.
  Time since last request: 0.000029 seconds.
  path: Assets/Images/MetalLine.png
  artifactKey: Guid(c90f62d43f4dff24487aa4865603c406) Importer(815301076,1909f56bfc062723c751e8b465ee728b)
Start importing Assets/Images/MetalLine.png using Guid(c90f62d43f4dff24487aa4865603c406) Importer(815301076,1909f56bfc062723c751e8b465ee728b)  -> (artifact id: '0f6b81bb53301bb9f0b7a5b04851766c') in 0.020385 seconds 
========================================================================
Received Import Request.
  Time since last request: 0.000029 seconds.
  path: Assets/Images/pause_btn_icon_resume.png
  artifactKey: Guid(92bab8f4cb105b040b131a326056021d) Importer(815301076,1909f56bfc062723c751e8b465ee728b)
Start importing Assets/Images/pause_btn_icon_resume.png using Guid(92bab8f4cb105b040b131a326056021d) Importer(815301076,1909f56bfc062723c751e8b465ee728b)  -> (artifact id: '3616ef7cf33dbe8d8585936ea25fe297') in 0.008826 seconds 
Editor requested this worker to shutdown with reason: Scaling down because of idle timeout
AssetImportWorker is now disconnected from the server
Process exiting
Exiting without the bug reporter. Application will terminate with return code 0