Using pre-set license
Built from '2021.3/staging' branch; Version is '2021.3.13f1 (9e7d58001ecf) revision 10386776'; Using compiler version '192829333'; Build Type 'Release'
OS: 'Windows 10  (10.0.19045) 64bit Core' Language: 'ru' Physical Memory: 16316 MB
BatchMode: 1, IsHumanControllingUs: 0, StartBugReporterOnCrash: 0, Is64bit: 1, IsPro: 1

COMMAND LINE ARGUMENTS:
E:\Program Files\Unity\Editor\2021.3.13f1\Editor\Unity.exe
-adb2
-batchMode
-noUpm
-name
AssetImportWorker2
-projectPath
E:/Projects/DrawHero
-logFile
Logs/AssetImportWorker2.log
-srvPort
50520
Successfully changed project path to: E:/Projects/DrawHero
E:/Projects/DrawHero
[UnityMemory] Configuration Parameters - Can be set up in boot.config
    "memorysetup-bucket-allocator-granularity=16"
    "memorysetup-bucket-allocator-bucket-count=8"
    "memorysetup-bucket-allocator-block-size=33554432"
    "memorysetup-bucket-allocator-block-count=8"
    "memorysetup-main-allocator-block-size=16777216"
    "memorysetup-thread-allocator-block-size=16777216"
    "memorysetup-gfx-main-allocator-block-size=16777216"
    "memorysetup-gfx-thread-allocator-block-size=16777216"
    "memorysetup-cache-allocator-block-size=4194304"
    "memorysetup-typetree-allocator-block-size=2097152"
    "memorysetup-profiler-bucket-allocator-granularity=16"
    "memorysetup-profiler-bucket-allocator-bucket-count=8"
    "memorysetup-profiler-bucket-allocator-block-size=33554432"
    "memorysetup-profiler-bucket-allocator-block-count=8"
    "memorysetup-profiler-allocator-block-size=16777216"
    "memorysetup-profiler-editor-allocator-block-size=1048576"
    "memorysetup-temp-allocator-size-main=16777216"
    "memorysetup-job-temp-allocator-block-size=2097152"
    "memorysetup-job-temp-allocator-block-size-background=1048576"
    "memorysetup-job-temp-allocator-reduction-small-platforms=262144"
    "memorysetup-temp-allocator-size-background-worker=32768"
    "memorysetup-temp-allocator-size-job-worker=262144"
    "memorysetup-temp-allocator-size-preload-manager=33554432"
    "memorysetup-temp-allocator-size-nav-mesh-worker=65536"
    "memorysetup-temp-allocator-size-audio-worker=65536"
    "memorysetup-temp-allocator-size-cloud-worker=32768"
    "memorysetup-temp-allocator-size-gi-baking-worker=262144"
    "memorysetup-temp-allocator-size-gfx=262144"
Refreshing native plugins compatible for Editor in 166.01 ms, found 6 plugins.
Preloading 0 native plugins for Editor in 0.00 ms.
Initialize engine version: 2021.3.13f1 (9e7d58001ecf)
[Subsystems] Discovering subsystems at path E:/Program Files/Unity/Editor/2021.3.13f1/Editor/Data/Resources/UnitySubsystems
[Subsystems] Discovering subsystems at path E:/Projects/DrawHero/Assets
GfxDevice: creating device client; threaded=0; jobified=0
Direct3D:
    Version:  Direct3D 11.0 [level 11.1]
    Renderer: Radeon RX 580 Series (ID=0x67df)
    Vendor:   ATI
    VRAM:     4074 MB
    Driver:   31.0.12027.7000
Initialize mono
Mono path[0] = 'E:/Program Files/Unity/Editor/2021.3.13f1/Editor/Data/Managed'
Mono path[1] = 'E:/Program Files/Unity/Editor/2021.3.13f1/Editor/Data/MonoBleedingEdge/lib/mono/unityjit-win32'
Mono config path = 'E:/Program Files/Unity/Editor/2021.3.13f1/Editor/Data/MonoBleedingEdge/etc'
Using monoOptions --debugger-agent=transport=dt_socket,embedding=1,server=y,suspend=n,address=127.0.0.1:56508
Begin MonoManager ReloadAssembly
Registering precompiled unity dll's ...
Register platform support module: E:/Program Files/Unity/Editor/2021.3.13f1/Editor/Data/PlaybackEngines/WebGLSupport/UnityEditor.WebGL.Extensions.dll
Register platform support module: E:/Program Files/Unity/Editor/2021.3.13f1/Editor/Data/PlaybackEngines/AndroidPlayer/UnityEditor.Android.Extensions.dll
Register platform support module: E:/Program Files/Unity/Editor/2021.3.13f1/Editor/Data/PlaybackEngines/WindowsStandaloneSupport/UnityEditor.WindowsStandalone.Extensions.dll
Registered in 0.005162 seconds.
Native extension for WindowsStandalone target not found
Native extension for Android target not found
Native extension for WebGL target not found
Refreshing native plugins compatible for Editor in 157.10 ms, found 6 plugins.
Preloading 0 native plugins for Editor in 0.00 ms.
Mono: successfully reloaded assembly
- Completed reload, in  0.824 seconds
Domain Reload Profiling:
	ReloadAssembly (824ms)
		BeginReloadAssembly (82ms)
			ExecutionOrderSort (0ms)
			DisableScriptedObjects (0ms)
			BackupInstance (0ms)
			ReleaseScriptingObjects (0ms)
			CreateAndSetChildDomain (1ms)
		EndReloadAssembly (616ms)
			LoadAssemblies (82ms)
			RebuildTransferFunctionScriptingTraits (0ms)
			SetupTypeCache (126ms)
			ReleaseScriptCaches (0ms)
			RebuildScriptCaches (32ms)
			SetupLoadedEditorAssemblies (400ms)
				LogAssemblyErrors (0ms)
				InitializePlatformSupportModulesInManaged (68ms)
				SetLoadedEditorAssemblies (0ms)
				RefreshPlugins (157ms)
				BeforeProcessingInitializeOnLoad (2ms)
				ProcessInitializeOnLoadAttributes (119ms)
				ProcessInitializeOnLoadMethodAttributes (54ms)
				AfterProcessingInitializeOnLoad (0ms)
				EditorAssembliesLoaded (0ms)
			ExecutionOrderSort2 (0ms)
			AwakeInstancesAfterBackupRestoration (0ms)
Platform modules already initialized, skipping
Registering precompiled user dll's ...
Registered in 0.007869 seconds.
Android Extension - Scanning For ADB Devices 679 ms
Begin MonoManager ReloadAssembly
Symbol file LoadedFromMemory doesn't match image E:\Projects\DrawHero\Library\PackageCache\com.unity.visualscripting@1.7.8\Editor\VisualScripting.Core\Dependencies\YamlDotNet\Unity.VisualScripting.YamlDotNet.dll
Symbol file LoadedFromMemory doesn't match image E:\Projects\DrawHero\Library\PackageCache\com.unity.visualscripting@1.7.8\Editor\VisualScripting.Core\Dependencies\DotNetZip\Unity.VisualScripting.IonicZip.dll
Native extension for WindowsStandalone target not found
Native extension for Android target not found
Native extension for WebGL target not found
Refreshing native plugins compatible for Editor in 1.12 ms, found 6 plugins.
Preloading 0 native plugins for Editor in 0.00 ms.
Mono: successfully reloaded assembly
- Completed reload, in  1.288 seconds
Domain Reload Profiling:
	ReloadAssembly (1289ms)
		BeginReloadAssembly (125ms)
			ExecutionOrderSort (0ms)
			DisableScriptedObjects (7ms)
			BackupInstance (0ms)
			ReleaseScriptingObjects (0ms)
			CreateAndSetChildDomain (22ms)
		EndReloadAssembly (1015ms)
			LoadAssemblies (95ms)
			RebuildTransferFunctionScriptingTraits (0ms)
			SetupTypeCache (356ms)
			ReleaseScriptCaches (1ms)
			RebuildScriptCaches (69ms)
			SetupLoadedEditorAssemblies (451ms)
				LogAssemblyErrors (0ms)
				InitializePlatformSupportModulesInManaged (17ms)
				SetLoadedEditorAssemblies (1ms)
				RefreshPlugins (1ms)
				BeforeProcessingInitializeOnLoad (99ms)
				ProcessInitializeOnLoadAttributes (294ms)
				ProcessInitializeOnLoadMethodAttributes (36ms)
				AfterProcessingInitializeOnLoad (4ms)
				EditorAssembliesLoaded (0ms)
			ExecutionOrderSort2 (0ms)
			AwakeInstancesAfterBackupRestoration (7ms)
Platform modules already initialized, skipping
========================================================================
Worker process is ready to serve import requests
Launched and connected shader compiler UnityShaderCompiler.exe after 0.04 seconds
Refreshing native plugins compatible for Editor in 1.17 ms, found 6 plugins.
Preloading 0 native plugins for Editor in 0.00 ms.
Unloading 4353 Unused Serialized files (Serialized files now loaded: 0)
Unloading 46 unused Assets / (57.3 KB). Loaded Objects now: 4811.
Memory consumption went from 167.5 MB to 167.5 MB.
Total: 3.890100 ms (FindLiveObjects: 0.424000 ms CreateObjectMapping: 0.129800 ms MarkObjects: 3.230800 ms  DeleteObjects: 0.104200 ms)

AssetImportParameters requested are different than current active one (requested -> active):
  custom:video-decoder-ogg-theora: a1e56fd34408186e4bbccfd4996cb3dc -> 
  custom:container-muxer-webm: aa71ff27fc2769a1b78a27578f13a17b -> 
  custom:container-demuxer-webm: 4f35f7cbe854078d1ac9338744f61a02 -> 
  custom:video-encoder-webm-vp8: eb34c28f22e8b96e1ab97ce403110664 -> 
  custom:audio-encoder-webm-vorbis: bf7c407c2cedff20999df2af8eb42d56 -> 
  custom:framework-win-MediaFoundation: 216162199b28c13a410421893ffa2e32 -> 
  custom:container-demuxer-ogg: 62fdf1f143b41e24485cea50d1cbac27 -> 
  custom:video-decoder-webm-vp8: 9c59270c3fd7afecdb556c50c9e8de78 -> 
  custom:audio-decoder-ogg-vorbis: bf7c407c2cedff20999df2af8eb42d56 -> 
========================================================================
Received Prepare
Refreshing native plugins compatible for Editor in 9.72 ms, found 6 plugins.
Preloading 0 native plugins for Editor in 0.00 ms.
Unloading 39 Unused Serialized files (Serialized files now loaded: 0)
Unloading 39 unused Assets / (22.0 KB). Loaded Objects now: 4811.
Memory consumption went from 75.6 MB to 75.6 MB.
Total: 4.570800 ms (FindLiveObjects: 0.662400 ms CreateObjectMapping: 0.337100 ms MarkObjects: 3.535300 ms  DeleteObjects: 0.034600 ms)

AssetImportParameters requested are different than current active one (requested -> active):
  custom:video-decoder-ogg-theora: a1e56fd34408186e4bbccfd4996cb3dc -> 
  custom:container-muxer-webm: aa71ff27fc2769a1b78a27578f13a17b -> 
  custom:container-demuxer-webm: 4f35f7cbe854078d1ac9338744f61a02 -> 
  custom:video-encoder-webm-vp8: eb34c28f22e8b96e1ab97ce403110664 -> 
  custom:audio-encoder-webm-vorbis: bf7c407c2cedff20999df2af8eb42d56 -> 
  custom:framework-win-MediaFoundation: 216162199b28c13a410421893ffa2e32 -> 
  custom:container-demuxer-ogg: 62fdf1f143b41e24485cea50d1cbac27 -> 
  custom:video-decoder-webm-vp8: 9c59270c3fd7afecdb556c50c9e8de78 -> 
  custom:audio-decoder-ogg-vorbis: bf7c407c2cedff20999df2af8eb42d56 -> 
========================================================================
Received Import Request.
  Time since last request: 1462261.101717 seconds.
  path: Assets/Images/btn_icon_ad.png
  artifactKey: Guid(b5bc1cfe1f742b948b13201257645dc5) Importer(815301076,1909f56bfc062723c751e8b465ee728b)
Start importing Assets/Images/btn_icon_ad.png using Guid(b5bc1cfe1f742b948b13201257645dc5) Importer(815301076,1909f56bfc062723c751e8b465ee728b)  -> (artifact id: 'c0ace9babb705e09e8ce1eb578d437da') in 0.197873 seconds 
========================================================================
Received Import Request.
  Time since last request: 0.000028 seconds.
  path: Assets/Images/image_011_0000.jpg
  artifactKey: Guid(dea8e72c54ddf9b48a19db7a24ea0344) Importer(815301076,1909f56bfc062723c751e8b465ee728b)
Start importing Assets/Images/image_011_0000.jpg using Guid(dea8e72c54ddf9b48a19db7a24ea0344) Importer(815301076,1909f56bfc062723c751e8b465ee728b)  -> (artifact id: '42bf6ea87c8d6c905d2bb89cf73dd2bf') in 0.031979 seconds 
========================================================================
Received Import Request.
  Time since last request: 0.000031 seconds.
  path: Assets/Images/draw_confetti.png
  artifactKey: Guid(70fc7e4faba56a64a914651a4ab3f766) Importer(815301076,1909f56bfc062723c751e8b465ee728b)
Start importing Assets/Images/draw_confetti.png using Guid(70fc7e4faba56a64a914651a4ab3f766) Importer(815301076,1909f56bfc062723c751e8b465ee728b)  -> (artifact id: 'abf1bab8e25e3719f6913ac2544fc229') in 0.017217 seconds 
========================================================================
Received Import Request.
  Time since last request: 0.000023 seconds.
  path: Assets/Images/draw_fire.png
  artifactKey: Guid(5709505aa4a610e41b3aaa59af8a9e84) Importer(815301076,1909f56bfc062723c751e8b465ee728b)
Start importing Assets/Images/draw_fire.png using Guid(5709505aa4a610e41b3aaa59af8a9e84) Importer(815301076,1909f56bfc062723c751e8b465ee728b)  -> (artifact id: '1ef19194b0eb0ab95972c8b4087236db') in 0.013330 seconds 
========================================================================
Received Import Request.
  Time since last request: 0.000025 seconds.
  path: Assets/Images/draw_laser.png
  artifactKey: Guid(72ddcb870f15a944f858e43ad1b614bd) Importer(815301076,1909f56bfc062723c751e8b465ee728b)
Start importing Assets/Images/draw_laser.png using Guid(72ddcb870f15a944f858e43ad1b614bd) Importer(815301076,1909f56bfc062723c751e8b465ee728b)  -> (artifact id: '2e74b6205ca3412c86fd54350f5a9b2d') in 0.015848 seconds 
========================================================================
Received Import Request.
  Time since last request: 0.000021 seconds.
  path: Assets/Images/image_012_0000.jpg
  artifactKey: Guid(dfbe890884c61214f8f7005bd1813f2c) Importer(815301076,1909f56bfc062723c751e8b465ee728b)
Start importing Assets/Images/image_012_0000.jpg using Guid(dfbe890884c61214f8f7005bd1813f2c) Importer(815301076,1909f56bfc062723c751e8b465ee728b)  -> (artifact id: '43ec60f5301a98fe793b04d7cec273c2') in 0.025174 seconds 
========================================================================
Received Import Request.
  Time since last request: 0.000021 seconds.
  path: Assets/Images/i_icon_pencils.png
  artifactKey: Guid(6958cd2ddea2f754e8903804f81dc8f8) Importer(815301076,1909f56bfc062723c751e8b465ee728b)
Start importing Assets/Images/i_icon_pencils.png using Guid(6958cd2ddea2f754e8903804f81dc8f8) Importer(815301076,1909f56bfc062723c751e8b465ee728b)  -> (artifact id: '4364093414c50b4d86b764decc31b1a1') in 0.016042 seconds 
========================================================================
Received Import Request.
  Time since last request: 0.000080 seconds.
  path: Assets/Images/Finger.png
  artifactKey: Guid(0a49f4f689b3fd5449d52182fed106a7) Importer(815301076,1909f56bfc062723c751e8b465ee728b)
Start importing Assets/Images/Finger.png using Guid(0a49f4f689b3fd5449d52182fed106a7) Importer(815301076,1909f56bfc062723c751e8b465ee728b)  -> (artifact id: '9a0af36d2bf4e7ad860815996e228ee6') in 0.017550 seconds 
========================================================================
Received Import Request.
  Time since last request: 0.000026 seconds.
  path: Assets/Images/WoodLine.png
  artifactKey: Guid(71117d9841c76044ea63118c0e9ea4b6) Importer(815301076,1909f56bfc062723c751e8b465ee728b)
Start importing Assets/Images/WoodLine.png using Guid(71117d9841c76044ea63118c0e9ea4b6) Importer(815301076,1909f56bfc062723c751e8b465ee728b)  -> (artifact id: 'c7a72a263d1a2a6bbb8ed1665c44147c') in 0.008281 seconds 
========================================================================
Received Import Request.
  Time since last request: 0.000020 seconds.
  path: Assets/Images/LaserLine.png
  artifactKey: Guid(ada59f4eff1d8994eb4c61ad95a0cd3f) Importer(815301076,1909f56bfc062723c751e8b465ee728b)
Start importing Assets/Images/LaserLine.png using Guid(ada59f4eff1d8994eb4c61ad95a0cd3f) Importer(815301076,1909f56bfc062723c751e8b465ee728b)  -> (artifact id: '9f7aea012d1bbdd53a04525119681cef') in 0.006973 seconds 
========================================================================
Received Import Request.
  Time since last request: 0.000021 seconds.
  path: Assets/Images/pause_btn_icon_resume.png
  artifactKey: Guid(92bab8f4cb105b040b131a326056021d) Importer(815301076,1909f56bfc062723c751e8b465ee728b)
Start importing Assets/Images/pause_btn_icon_resume.png using Guid(92bab8f4cb105b040b131a326056021d) Importer(815301076,1909f56bfc062723c751e8b465ee728b)  -> (artifact id: '0d274300aa8f9a89f09964cb59f70d7d') in 0.009927 seconds 
========================================================================
Received Prepare
Refreshing native plugins compatible for Editor in 9.15 ms, found 6 plugins.
Preloading 0 native plugins for Editor in 0.00 ms.
Unloading 39 Unused Serialized files (Serialized files now loaded: 0)
Unloading 39 unused Assets / (23.1 KB). Loaded Objects now: 4832.
Memory consumption went from 80.3 MB to 80.3 MB.
Total: 4.139200 ms (FindLiveObjects: 0.433700 ms CreateObjectMapping: 0.131800 ms MarkObjects: 3.538600 ms  DeleteObjects: 0.034300 ms)

AssetImportParameters requested are different than current active one (requested -> active):
  custom:video-decoder-ogg-theora: a1e56fd34408186e4bbccfd4996cb3dc -> 
  custom:container-muxer-webm: aa71ff27fc2769a1b78a27578f13a17b -> 
  custom:container-demuxer-webm: 4f35f7cbe854078d1ac9338744f61a02 -> 
  custom:video-encoder-webm-vp8: eb34c28f22e8b96e1ab97ce403110664 -> 
  custom:audio-encoder-webm-vorbis: bf7c407c2cedff20999df2af8eb42d56 -> 
  custom:framework-win-MediaFoundation: 216162199b28c13a410421893ffa2e32 -> 
  custom:container-demuxer-ogg: 62fdf1f143b41e24485cea50d1cbac27 -> 
  custom:video-decoder-webm-vp8: 9c59270c3fd7afecdb556c50c9e8de78 -> 
  custom:audio-decoder-ogg-vorbis: bf7c407c2cedff20999df2af8eb42d56 -> 
Editor requested this worker to shutdown with reason: Scaling down because of idle timeout
AssetImportWorker is now disconnected from the server
Process exiting
Exiting without the bug reporter. Application will terminate with return code 0